<?xml version="1.0" encoding="UTF-8"?>
<!-- Generated by org.testng.reporters.JUnitReportReporter -->
<testsuite hostname="Mohammads-MacBook-Air.local" failures="0" tests="2" name="runner.Runner" time="12.290" errors="1" timestamp="2025-03-17T17:59:08 GMT" skipped="0">
  <testcase classname="runner.Runner" name="runScenario" time="3.038">
    <error message="Cannot invoke &quot;org.openqa.selenium.SearchContext.findElement(org.openqa.selenium.By)&quot; because &quot;this.searchContext&quot; is null" type="java.lang.NullPointerException">
      <![CDATA[java.lang.NullPointerException: Cannot invoke "org.openqa.selenium.SearchContext.findElement(org.openqa.selenium.By)" because "this.searchContext" is null
at org.openqa.selenium.support.pagefactory.DefaultElementLocator.findElement(DefaultElementLocator.java:68)
at org.openqa.selenium.support.pagefactory.internal.LocatingElementHandler.invoke(LocatingElementHandler.java:38)
at jdk.proxy2/jdk.proxy2.$Proxy21.click(Unknown Source)
at stepDefinitions.AddProductsCart.Click_Products_button(AddProductsCart.java:25)
at âœ½.Click 'Products' button(file:///Users/mohammadummar/User4GitRepository/SeleniumJavaTestNGCucumberPrac/src/test/java/features/addProductsCart.feature:55)
]]>
    </error>
  </testcase> <!-- runScenario -->
  <testcase classname="runner.Runner" name="runScenario" time="9.252"/>
</testsuite> <!-- runner.Runner -->
